logs1/efficientnet_b5/dla0/612000000/throughput.log
2025-04-18 13:52:20.195090
2025-04-18 13:52:35.204144
26.85
logs1/efficientvit_b3/dla0/612000000/throughput.log
2025-04-18 13:53:54.422718
2025-04-18 13:54:09.433582
33.91
logs1/resnet50_Opset17/dla0/612000000/throughput.log
2025-04-18 13:55:28.515654
2025-04-18 13:55:43.520259
87.97
logs1/yolo11n/dla0/612000000/throughput.log
2025-04-18 13:57:04.351240
2025-04-18 13:57:19.382599
22.75
logs1/yolov3-tiny-416-bs1/dla0/612000000/throughput.log
2025-04-18 13:58:40.025310
2025-04-18 13:58:55.038191
47.96
logs1/super_resolution_bsd500-bs1/dla0/612000000/throughput.log
2025-04-18 14:00:15.510089
2025-04-18 14:00:30.514628
34.26
logs1/efficientnet_b5/dla0/918000000/throughput.log
2025-04-18 14:01:55.887845
2025-04-18 14:02:10.889951
31.00
logs1/efficientvit_b3/dla0/918000000/throughput.log
2025-04-18 14:03:31.545377
2025-04-18 14:03:46.561567
41.09
logs1/resnet50_Opset17/dla0/918000000/throughput.log
2025-04-18 14:05:05.420525
2025-04-18 14:05:20.425126
93.30
logs1/yolo11n/dla0/918000000/throughput.log
2025-04-18 14:06:41.225463
2025-04-18 14:06:56.225716
23.13
logs1/yolov3-tiny-416-bs1/dla0/918000000/throughput.log
2025-04-18 14:08:17.113309
2025-04-18 14:08:32.127428
51.02
logs1/super_resolution_bsd500-bs1/dla0/918000000/throughput.log
2025-04-18 14:09:51.855294
2025-04-18 14:10:06.856959
39.00
