logs2/super_resolution_bsd500-bs1/dla0/612000000/throughput.log
2025-04-19 17:18:17.066993
2025-04-19 17:18:32.090477
37.14
logs2/resnet50_Opset17/dla0/612000000/throughput.log
2025-04-19 17:19:53.374866
2025-04-19 17:20:08.386062
97.26
logs2/yolov3-tiny-416-bs1/dla0/612000000/throughput.log
2025-04-19 17:21:27.989430
2025-04-19 17:21:42.990200
49.53
logs2/super_resolution_bsd500-bs1/dla0/918000000/throughput.log
2025-04-19 17:23:08.461680
2025-04-19 17:23:23.468247
40.25
logs2/resnet50_Opset17/dla0/918000000/throughput.log
2025-04-19 17:24:43.216452
2025-04-19 17:24:58.222711
101.69
logs2/yolov3-tiny-416-bs1/dla0/918000000/throughput.log
2025-04-19 17:26:17.600131
2025-04-19 17:26:32.615633
50.68
