logs1/efficientnet_b5/gpu/612000000/throughput.log
2025-04-12 17:11:57.652215
2025-04-12 17:12:12.675229
52.72
logs1/efficientvit_b3/gpu/612000000/throughput.log
2025-04-12 17:15:03.854594
2025-04-12 17:15:18.866103
35.64
logs1/resnet50_Opset17/gpu/612000000/throughput.log
2025-04-12 17:18:08.520076
2025-04-12 17:18:23.531177
73.35
logs1/yolo11n/gpu/612000000/throughput.log
2025-04-12 17:21:16.554892
2025-04-12 17:21:31.569875
34.57
logs1/yolov3-tiny-416-bs1/gpu/612000000/throughput.log
2025-04-12 17:24:20.037659
2025-04-12 17:24:35.043303
54.45
logs1/super_resolution_bsd500-bs1/gpu/612000000/throughput.log
2025-04-12 17:27:25.612708
2025-04-12 17:27:40.629803
43.35
logs1/efficientnet_b5/gpu/918000000/throughput.log
2025-04-12 17:30:36.065626
2025-04-12 17:30:51.066283
67.66
logs1/efficientvit_b3/gpu/918000000/throughput.log
2025-04-12 17:33:41.122097
2025-04-12 17:33:56.135636
54.62
logs1/resnet50_Opset17/gpu/918000000/throughput.log
2025-04-12 17:36:46.438025
2025-04-12 17:37:01.445869
96.88
logs1/yolo11n/gpu/918000000/throughput.log
2025-04-12 17:39:53.983243
2025-04-12 17:40:08.997985
39.49
logs1/yolov3-tiny-416-bs1/gpu/918000000/throughput.log
2025-04-12 17:42:56.923364
2025-04-12 17:43:11.929785
57.64
logs1/super_resolution_bsd500-bs1/gpu/918000000/throughput.log
2025-04-12 17:46:03.041782
2025-04-12 17:46:18.049509
48.38
