logs2/efficientnet_b5/gpu/612000000/throughput.log
2025-04-18 16:10:28.267467
2025-04-18 16:10:43.281385
50.75
logs2/efficientvit_b3/gpu/612000000/throughput.log
2025-04-18 16:12:02.492947
2025-04-18 16:12:17.511338
36.29
logs2/resnet50_Opset17/gpu/612000000/throughput.log
2025-04-18 16:13:38.646175
2025-04-18 16:13:53.650257
80.04
logs2/yolo11n/gpu/612000000/throughput.log
2025-04-18 16:15:16.290241
2025-04-18 16:15:31.297909
31.65
logs2/yolov3-tiny-416-bs1/gpu/612000000/throughput.log
2025-04-18 16:16:48.405242
2025-04-18 16:17:03.408020
53.19
logs2/super_resolution_bsd500-bs1/gpu/612000000/throughput.log
2025-04-18 16:18:23.157341
2025-04-18 16:18:38.168264
35.97
logs2/efficientnet_b5/gpu/918000000/throughput.log
2025-04-18 16:20:04.912467
2025-04-18 16:20:19.913419
67.20
logs2/efficientvit_b3/gpu/918000000/throughput.log
2025-04-18 16:21:39.608310
2025-04-18 16:21:54.617819
52.43
logs2/resnet50_Opset17/gpu/918000000/throughput.log
2025-04-18 16:23:14.646206
2025-04-18 16:23:29.656555
109.46
logs2/yolo11n/gpu/918000000/throughput.log
2025-04-18 16:24:53.175143
2025-04-18 16:25:08.176603
32.86
logs2/yolov3-tiny-416-bs1/gpu/918000000/throughput.log
2025-04-18 16:26:26.389008
2025-04-18 16:26:41.404093
56.74
logs2/super_resolution_bsd500-bs1/gpu/918000000/throughput.log
2025-04-18 16:28:00.827345
2025-04-18 16:28:15.843065
43.82
