logs2/super_resolution_bsd500-bs1/gpu/612000000/throughput.log
2025-04-14 16:03:42.388395
2025-04-14 16:03:57.406726
42.88
logs2/efficientnet_b5/gpu/612000000/throughput.log
2025-04-14 16:05:17.512886
2025-04-14 16:05:32.521669
47.24
logs2/efficientvit_b3/gpu/612000000/throughput.log
2025-04-14 16:06:53.215468
2025-04-14 16:07:08.231438
42.69
logs2/resnet50_Opset17/gpu/612000000/throughput.log
2025-04-14 16:08:29.095155
2025-04-14 16:08:44.098722
84.31
logs2/yolo11n/gpu/612000000/throughput.log
2025-04-14 16:10:06.605710
2025-04-14 16:10:21.627930
35.41
logs2/yolov3-tiny-416-bs1/gpu/612000000/throughput.log
2025-04-14 16:11:39.257205
2025-04-14 16:11:54.260334
55.19
logs2/super_resolution_bsd500-bs1/gpu/918000000/throughput.log
2025-04-14 16:13:19.869334
2025-04-14 16:13:34.872036
51.06
logs2/efficientnet_b5/gpu/918000000/throughput.log
2025-04-14 16:14:54.529423
2025-04-14 16:15:09.537176
61.24
logs2/efficientvit_b3/gpu/918000000/throughput.log
2025-04-14 16:16:30.812681
2025-04-14 16:16:45.818479
55.71
logs2/resnet50_Opset17/gpu/918000000/throughput.log
2025-04-14 16:18:05.330126
2025-04-14 16:18:20.330957
101.59
logs2/yolo11n/gpu/918000000/throughput.log
2025-04-14 16:19:43.522999
2025-04-14 16:19:58.541575
39.55
logs2/yolov3-tiny-416-bs1/gpu/918000000/throughput.log
2025-04-14 16:21:16.772667
2025-04-14 16:21:31.775517
58.92
