logs1/efficientnet_b5/dla0/612000000/throughput.log
2025-04-14 17:06:22.770942
2025-04-14 17:06:37.788241
35.23
logs1/efficientvit_b3/dla0/612000000/throughput.log
2025-04-14 17:07:57.811841
2025-04-14 17:08:12.825601
37.90
logs1/resnet50_Opset17/dla0/612000000/throughput.log
2025-04-14 17:09:32.263092
2025-04-14 17:09:47.263249
86.13
logs1/yolo11n/dla0/612000000/throughput.log
2025-04-14 17:11:07.702996
2025-04-14 17:11:22.705553
21.06
logs1/yolov3-tiny-416-bs1/dla0/612000000/throughput.log
2025-04-14 17:12:42.493997
2025-04-14 17:12:57.510785
47.35
logs1/super_resolution_bsd500-bs1/dla0/612000000/throughput.log
2025-04-14 17:14:18.566623
2025-04-14 17:14:33.568733
37.13
logs1/efficientnet_b5/dla0/918000000/throughput.log
2025-04-14 17:15:59.125509
2025-04-14 17:16:14.142325
39.22
logs1/efficientvit_b3/dla0/918000000/throughput.log
2025-04-14 17:17:34.712478
2025-04-14 17:17:49.715591
51.39
logs1/resnet50_Opset17/dla0/918000000/throughput.log
2025-04-14 17:19:09.088201
2025-04-14 17:19:24.096315
96.55
logs1/yolo11n/dla0/918000000/throughput.log
2025-04-14 17:20:44.905004
2025-04-14 17:20:59.926157
21.77
logs1/yolov3-tiny-416-bs1/dla0/918000000/throughput.log
2025-04-14 17:22:20.710046
2025-04-14 17:22:35.711193
48.80
logs1/super_resolution_bsd500-bs1/dla0/918000000/throughput.log
2025-04-14 17:23:55.785746
2025-04-14 17:24:10.790779
41.12
