logs2/resnet50_Opset17/dla0/612000000/throughput.log
2025-04-18 17:04:35.341221
2025-04-18 17:04:50.346872
97.03
logs2/yolov3-tiny-416-bs1/dla0/612000000/throughput.log
2025-04-18 17:06:11.342403
2025-04-18 17:06:26.348765
47.91
logs2/super_resolution_bsd500-bs1/dla0/612000000/throughput.log
2025-04-18 17:07:47.089969
2025-04-18 17:08:02.112659
32.75
logs2/resnet50_Opset17/dla0/918000000/throughput.log
2025-04-18 17:09:27.474595
2025-04-18 17:09:42.474702
107.87
logs2/yolov3-tiny-416-bs1/dla0/918000000/throughput.log
2025-04-18 17:11:02.626545
2025-04-18 17:11:17.638946
49.63
logs2/super_resolution_bsd500-bs1/dla0/918000000/throughput.log
2025-04-18 17:12:38.221670
2025-04-18 17:12:53.250362
36.66
