logs1/resnet50_Opset17/dla0/612000000/throughput.log
2025-04-18 17:04:36.195425
2025-04-18 17:04:51.202589
98.75
logs1/yolov3-tiny-416-bs1/dla0/612000000/throughput.log
2025-04-18 17:06:11.324752
2025-04-18 17:06:26.332903
47.91
logs1/super_resolution_bsd500-bs1/dla0/612000000/throughput.log
2025-04-18 17:07:46.974527
2025-04-18 17:08:01.992570
32.69
logs1/resnet50_Opset17/dla0/918000000/throughput.log
2025-04-18 17:09:26.569673
2025-04-18 17:09:41.573635
106.57
logs1/yolov3-tiny-416-bs1/dla0/918000000/throughput.log
2025-04-18 17:11:02.524572
2025-04-18 17:11:17.546703
49.59
logs1/super_resolution_bsd500-bs1/dla0/918000000/throughput.log
2025-04-18 17:12:38.229161
2025-04-18 17:12:53.248184
36.69
