logs2/efficientnet_b5/gpu/612000000/throughput.log
2025-04-18 14:17:02.148892
2025-04-18 14:17:17.169805
45.40
logs2/efficientvit_b3/gpu/612000000/throughput.log
2025-04-18 14:18:38.599964
2025-04-18 14:18:53.604563
37.66
logs2/resnet50_Opset17/gpu/612000000/throughput.log
2025-04-18 14:20:13.337066
2025-04-18 14:20:28.340620
111.71
logs2/yolo11n/gpu/612000000/throughput.log
2025-04-18 14:21:51.350862
2025-04-18 14:22:06.357654
32.12
logs2/yolov3-tiny-416-bs1/gpu/612000000/throughput.log
2025-04-18 14:23:25.063812
2025-04-18 14:23:40.064152
56.60
logs2/super_resolution_bsd500-bs1/gpu/612000000/throughput.log
2025-04-18 14:24:59.511299
2025-04-18 14:25:14.524889
34.97
logs2/efficientnet_b5/gpu/918000000/throughput.log
2025-04-18 14:26:40.229081
2025-04-18 14:26:55.242821
58.21
logs2/efficientvit_b3/gpu/918000000/throughput.log
2025-04-18 14:28:14.774711
2025-04-18 14:28:29.795673
53.79
logs2/resnet50_Opset17/gpu/918000000/throughput.log
2025-04-18 14:29:50.661151
2025-04-18 14:30:05.662751
115.72
logs2/yolo11n/gpu/918000000/throughput.log
2025-04-18 14:31:27.307264
2025-04-18 14:31:42.334124
34.47
logs2/yolov3-tiny-416-bs1/gpu/918000000/throughput.log
2025-04-18 14:33:01.426376
2025-04-18 14:33:16.429801
58.52
logs2/super_resolution_bsd500-bs1/gpu/918000000/throughput.log
2025-04-18 14:34:36.120283
2025-04-18 14:34:51.124212
43.79
