logs2/yolov3-tiny-416-bs1/gpu/612000000/throughput.log
2025-04-12 17:51:02.132049
2025-04-12 17:51:17.138660
57.77
logs2/super_resolution_bsd500-bs1/gpu/612000000/throughput.log
2025-04-12 17:54:07.515404
2025-04-12 17:54:22.531294
36.43
logs2/efficientnet_b5/gpu/612000000/throughput.log
2025-04-12 17:57:12.667055
2025-04-12 17:57:27.671451
51.52
logs2/efficientvit_b3/gpu/612000000/throughput.log
2025-04-12 18:00:16.814767
2025-04-12 18:00:31.824902
43.44
logs2/resnet50_Opset17/gpu/612000000/throughput.log
2025-04-12 18:03:23.307389
2025-04-12 18:03:38.312039
95.04
logs2/yolo11n/gpu/612000000/throughput.log
2025-04-12 18:06:31.519751
2025-04-12 18:06:46.547849
36.73
logs2/yolov3-tiny-416-bs1/gpu/918000000/throughput.log
2025-04-12 18:09:38.810567
2025-04-12 18:09:53.813164
56.72
logs2/super_resolution_bsd500-bs1/gpu/918000000/throughput.log
2025-04-12 18:12:44.280416
2025-04-12 18:12:59.306726
42.06
logs2/efficientnet_b5/gpu/918000000/throughput.log
2025-04-12 18:15:49.896328
2025-04-12 18:16:04.903591
64.97
logs2/efficientvit_b3/gpu/918000000/throughput.log
2025-04-12 18:18:54.816465
2025-04-12 18:19:09.835520
56.13
logs2/resnet50_Opset17/gpu/918000000/throughput.log
2025-04-12 18:21:59.917470
2025-04-12 18:22:14.925139
111.28
logs2/yolo11n/gpu/918000000/throughput.log
2025-04-12 18:25:07.673448
2025-04-12 18:25:22.679535
40.25
