logs1/efficientnet_b5/dla0/612000000/throughput.log
2025-04-14 16:03:44.021753
2025-04-14 16:03:59.021912
42.27
logs1/efficientvit_b3/dla0/612000000/throughput.log
2025-04-14 16:05:18.791481
2025-04-14 16:05:33.801598
27.25
logs1/resnet50_Opset17/dla0/612000000/throughput.log
2025-04-14 16:06:53.260523
2025-04-14 16:07:08.269973
76.82
logs1/yolo11n/dla0/612000000/throughput.log
2025-04-14 16:08:28.869343
2025-04-14 16:08:43.911308
21.74
logs1/yolov3-tiny-416-bs1/dla0/612000000/throughput.log
2025-04-14 16:10:04.489738
2025-04-14 16:10:19.495716
49.71
logs1/super_resolution_bsd500-bs1/dla0/612000000/throughput.log
2025-04-14 16:11:39.012916
2025-04-14 16:11:54.013626
38.40
logs1/efficientnet_b5/dla0/918000000/throughput.log
2025-04-14 16:13:20.489686
2025-04-14 16:13:35.501791
49.23
logs1/efficientvit_b3/dla0/918000000/throughput.log
2025-04-14 16:14:55.725727
2025-04-14 16:15:10.726971
33.33
logs1/resnet50_Opset17/dla0/918000000/throughput.log
2025-04-14 16:16:29.655127
2025-04-14 16:16:44.661468
83.70
logs1/yolo11n/dla0/918000000/throughput.log
2025-04-14 16:18:06.259669
2025-04-14 16:18:21.299806
22.81
logs1/yolov3-tiny-416-bs1/dla0/918000000/throughput.log
2025-04-14 16:19:41.218682
2025-04-14 16:19:56.229515
51.23
logs1/super_resolution_bsd500-bs1/dla0/918000000/throughput.log
2025-04-14 16:21:16.421420
2025-04-14 16:21:31.443052
40.74
