logs1/efficientnet_b5/dla0/612000000/throughput.log
2025-04-14 15:15:34.966673
2025-04-14 15:15:49.983843
46.95
logs1/efficientvit_b3/dla0/612000000/throughput.log
2025-04-14 15:18:37.775038
2025-04-14 15:18:52.789000
52.02
logs1/resnet50_Opset17/dla0/612000000/throughput.log
2025-04-14 15:21:42.439356
2025-04-14 15:21:57.440202
165.99
logs1/yolo11n/dla0/612000000/throughput.log
2025-04-14 15:24:47.898547
2025-04-14 15:25:02.909312
25.25
logs1/yolov3-tiny-416-bs1/dla0/612000000/throughput.log
2025-04-14 15:27:53.277931
2025-04-14 15:28:08.285041
69.63
logs1/super_resolution_bsd500-bs1/dla0/612000000/throughput.log
2025-04-14 15:30:58.449443
2025-04-14 15:31:13.464565
47.55
logs1/efficientnet_b5/dla0/918000000/throughput.log
2025-04-14 15:34:09.201954
2025-04-14 15:34:24.216409
51.55
logs1/efficientvit_b3/dla0/918000000/throughput.log
2025-04-14 15:37:14.468645
2025-04-14 15:37:29.471583
63.19
logs1/resnet50_Opset17/dla0/918000000/throughput.log
2025-04-14 15:40:19.337964
2025-04-14 15:40:34.340489
172.44
logs1/yolo11n/dla0/918000000/throughput.log
2025-04-14 15:43:24.748545
2025-04-14 15:43:39.761081
25.91
logs1/yolov3-tiny-416-bs1/dla0/918000000/throughput.log
2025-04-14 15:46:30.045693
2025-04-14 15:46:45.050014
72.18
logs1/super_resolution_bsd500-bs1/dla0/918000000/throughput.log
2025-04-14 15:49:35.161704
2025-04-14 15:49:50.171526
50.77
