logs2/yolo11n/gpu/612000000/throughput.log
2025-04-14 17:06:24.162323
2025-04-14 17:06:39.177796
35.16
logs2/yolov3-tiny-416-bs1/gpu/612000000/throughput.log
2025-04-14 17:07:57.368135
2025-04-14 17:08:12.368778
58.46
logs2/super_resolution_bsd500-bs1/gpu/612000000/throughput.log
2025-04-14 17:09:32.410621
2025-04-14 17:09:47.430559
40.48
logs2/efficientnet_b5/gpu/612000000/throughput.log
2025-04-14 17:11:07.486827
2025-04-14 17:11:22.489708
48.52
logs2/efficientvit_b3/gpu/612000000/throughput.log
2025-04-14 17:12:42.977237
2025-04-14 17:12:57.984557
48.04
logs2/resnet50_Opset17/gpu/612000000/throughput.log
2025-04-14 17:14:17.390451
2025-04-14 17:14:32.391917
86.32
logs2/yolo11n/gpu/918000000/throughput.log
2025-04-14 17:16:00.398202
2025-04-14 17:16:15.418905
38.48
logs2/yolov3-tiny-416-bs1/gpu/918000000/throughput.log
2025-04-14 17:17:33.921780
2025-04-14 17:17:48.923883
59.99
logs2/super_resolution_bsd500-bs1/gpu/918000000/throughput.log
2025-04-14 17:19:09.212580
2025-04-14 17:19:24.215952
47.72
logs2/efficientnet_b5/gpu/918000000/throughput.log
2025-04-14 17:20:43.946070
2025-04-14 17:20:58.950588
59.65
logs2/efficientvit_b3/gpu/918000000/throughput.log
2025-04-14 17:22:20.200022
2025-04-14 17:22:35.210953
62.35
logs2/resnet50_Opset17/gpu/918000000/throughput.log
2025-04-14 17:23:55.882650
2025-04-14 17:24:10.889205
104.95
