logs2/yolov3-tiny-416-bs1/gpu/612000000/throughput.log
2025-04-14 16:38:37.768985
2025-04-14 16:38:52.773916
57.98
logs2/super_resolution_bsd500-bs1/gpu/612000000/throughput.log
2025-04-14 16:40:13.404773
2025-04-14 16:40:28.424896
42.28
logs2/efficientnet_b5/gpu/612000000/throughput.log
2025-04-14 16:41:48.520314
2025-04-14 16:42:03.535988
52.81
logs2/efficientvit_b3/gpu/612000000/throughput.log
2025-04-14 16:43:23.900167
2025-04-14 16:43:38.905818
41.65
logs2/resnet50_Opset17/gpu/612000000/throughput.log
2025-04-14 16:44:58.889412
2025-04-14 16:45:13.890037
102.13
logs2/yolo11n/gpu/612000000/throughput.log
2025-04-14 16:46:37.307386
2025-04-14 16:46:52.323927
35.09
logs2/yolov3-tiny-416-bs1/gpu/918000000/throughput.log
2025-04-14 16:48:14.451816
2025-04-14 16:48:29.460816
64.03
logs2/super_resolution_bsd500-bs1/gpu/918000000/throughput.log
2025-04-14 16:49:49.390485
2025-04-14 16:50:04.398398
53.64
logs2/efficientnet_b5/gpu/918000000/throughput.log
2025-04-14 16:51:25.915651
2025-04-14 16:51:40.916167
67.06
logs2/efficientvit_b3/gpu/918000000/throughput.log
2025-04-14 16:53:00.044596
2025-04-14 16:53:15.045655
55.00
logs2/resnet50_Opset17/gpu/918000000/throughput.log
2025-04-14 16:54:35.317634
2025-04-14 16:54:50.325071
113.41
logs2/yolo11n/gpu/918000000/throughput.log
2025-04-14 16:56:13.731631
2025-04-14 16:56:28.738255
38.05
