logs2/super_resolution_bsd500-bs1/gpu/612000000/throughput.log
2025-04-12 17:11:58.038554
2025-04-12 17:12:13.047475
37.04
logs2/efficientnet_b5/gpu/612000000/throughput.log
2025-04-12 17:15:03.433754
2025-04-12 17:15:18.443675
42.77
logs2/efficientvit_b3/gpu/612000000/throughput.log
2025-04-12 17:18:08.819495
2025-04-12 17:18:23.822810
41.66
logs2/resnet50_Opset17/gpu/612000000/throughput.log
2025-04-12 17:21:13.781839
2025-04-12 17:21:28.784134
85.85
logs2/yolo11n/gpu/612000000/throughput.log
2025-04-12 17:24:21.652747
2025-04-12 17:24:36.661872
35.25
logs2/yolov3-tiny-416-bs1/gpu/612000000/throughput.log
2025-04-12 17:27:24.189404
2025-04-12 17:27:39.196874
53.44
logs2/super_resolution_bsd500-bs1/gpu/918000000/throughput.log
2025-04-12 17:30:34.566297
2025-04-12 17:30:49.579690
43.23
logs2/efficientnet_b5/gpu/918000000/throughput.log
2025-04-12 17:33:39.457175
2025-04-12 17:33:54.457977
56.86
logs2/efficientvit_b3/gpu/918000000/throughput.log
2025-04-12 17:36:44.521184
2025-04-12 17:36:59.521437
56.07
logs2/resnet50_Opset17/gpu/918000000/throughput.log
2025-04-12 17:39:49.787358
2025-04-12 17:40:04.793614
102.56
logs2/yolo11n/gpu/918000000/throughput.log
2025-04-12 17:42:58.076032
2025-04-12 17:43:13.100430
38.40
logs2/yolov3-tiny-416-bs1/gpu/918000000/throughput.log
2025-04-12 17:46:00.902552
2025-04-12 17:46:15.907362
57.91
