logs1/resnet50_Opset17/dla0/612000000/throughput.log
2025-04-19 17:18:18.231209
2025-04-19 17:18:33.232210
83.73
logs1/yolov3-tiny-416-bs1/dla0/612000000/throughput.log
2025-04-19 17:19:53.396223
2025-04-19 17:20:08.404187
55.37
logs1/super_resolution_bsd500-bs1/dla0/612000000/throughput.log
2025-04-19 17:21:28.601341
2025-04-19 17:21:43.622109
38.75
logs1/resnet50_Opset17/dla0/918000000/throughput.log
2025-04-19 17:23:08.952395
2025-04-19 17:23:23.954661
84.19
logs1/yolov3-tiny-416-bs1/dla0/918000000/throughput.log
2025-04-19 17:24:43.773944
2025-04-19 17:24:58.775460
57.13
logs1/super_resolution_bsd500-bs1/dla0/918000000/throughput.log
2025-04-19 17:26:19.873308
2025-04-19 17:26:34.881397
41.78
