logs1/efficientnet_b5/dla0/612000000/throughput.log
2025-04-14 17:31:11.948485
2025-04-14 17:31:26.958971
32.04
logs1/efficientvit_b3/dla0/612000000/throughput.log
2025-04-14 17:32:47.971046
2025-04-14 17:33:02.995033
38.07
logs1/resnet50_Opset17/dla0/612000000/throughput.log
2025-04-14 17:34:22.743079
2025-04-14 17:34:37.749746
96.42
logs1/yolo11n/dla0/612000000/throughput.log
2025-04-14 17:35:58.152164
2025-04-14 17:36:13.166415
22.51
logs1/yolov3-tiny-416-bs1/dla0/612000000/throughput.log
2025-04-14 17:37:33.032845
2025-04-14 17:37:48.039785
47.91
logs1/super_resolution_bsd500-bs1/dla0/612000000/throughput.log
2025-04-14 17:39:08.053093
2025-04-14 17:39:23.072622
33.76
logs1/efficientnet_b5/dla0/918000000/throughput.log
2025-04-14 17:40:49.204318
2025-04-14 17:41:04.220057
36.63
logs1/efficientvit_b3/dla0/918000000/throughput.log
2025-04-14 17:42:23.658797
2025-04-14 17:42:38.671715
38.63
logs1/resnet50_Opset17/dla0/918000000/throughput.log
2025-04-14 17:43:57.991471
2025-04-14 17:44:12.993822
101.18
logs1/yolo11n/dla0/918000000/throughput.log
2025-04-14 17:45:33.698662
2025-04-14 17:45:48.711426
26.38
logs1/yolov3-tiny-416-bs1/dla0/918000000/throughput.log
2025-04-14 17:47:09.260197
2025-04-14 17:47:24.260637
50.73
logs1/super_resolution_bsd500-bs1/dla0/918000000/throughput.log
2025-04-14 17:48:45.050633
2025-04-14 17:49:00.073761
37.61
