logs1/efficientnet_b5/dla0/612000000/throughput.log
2025-04-14 16:38:39.162709
2025-04-14 16:38:54.176248
34.90
logs1/efficientvit_b3/dla0/612000000/throughput.log
2025-04-14 16:40:12.783318
2025-04-14 16:40:27.804872
41.67
logs1/resnet50_Opset17/dla0/612000000/throughput.log
2025-04-14 16:41:48.404343
2025-04-14 16:42:03.409174
74.91
logs1/yolo11n/dla0/612000000/throughput.log
2025-04-14 16:43:22.926652
2025-04-14 16:43:37.967505
20.41
logs1/yolov3-tiny-416-bs1/dla0/612000000/throughput.log
2025-04-14 16:44:59.085237
2025-04-14 16:45:14.100843
56.34
logs1/super_resolution_bsd500-bs1/dla0/612000000/throughput.log
2025-04-14 16:46:34.354618
2025-04-14 16:46:49.357119
35.33
logs1/efficientnet_b5/dla0/918000000/throughput.log
2025-04-14 16:48:14.690453
2025-04-14 16:48:29.699953
38.91
logs1/efficientvit_b3/dla0/918000000/throughput.log
2025-04-14 16:49:50.696543
2025-04-14 16:50:05.699088
54.39
logs1/resnet50_Opset17/dla0/918000000/throughput.log
2025-04-14 16:51:24.435073
2025-04-14 16:51:39.437678
87.52
logs1/yolo11n/dla0/918000000/throughput.log
2025-04-14 16:53:01.418142
2025-04-14 16:53:16.444270
26.02
logs1/yolov3-tiny-416-bs1/dla0/918000000/throughput.log
2025-04-14 16:54:36.693899
2025-04-14 16:54:51.699586
59.24
logs1/super_resolution_bsd500-bs1/dla0/918000000/throughput.log
2025-04-14 16:56:11.563398
2025-04-14 16:56:26.574108
39.44
