logs1/efficientnet_b5/dla0/612000000/throughput.log
2025-04-18 14:17:04.309641
2025-04-18 14:17:19.312819
29.13
logs1/efficientvit_b3/dla0/612000000/throughput.log
2025-04-18 14:18:38.321735
2025-04-18 14:18:53.350015
25.22
logs1/resnet50_Opset17/dla0/612000000/throughput.log
2025-04-18 14:20:13.778240
2025-04-18 14:20:28.780663
110.78
logs1/yolo11n/dla0/612000000/throughput.log
2025-04-18 14:21:48.702446
2025-04-18 14:22:03.726684
20.97
logs1/yolov3-tiny-416-bs1/dla0/612000000/throughput.log
2025-04-18 14:23:23.169170
2025-04-18 14:23:38.185941
53.61
logs1/super_resolution_bsd500-bs1/dla0/612000000/throughput.log
2025-04-18 14:24:59.825591
2025-04-18 14:25:14.843716
34.43
logs1/efficientnet_b5/dla0/918000000/throughput.log
2025-04-18 14:26:40.563349
2025-04-18 14:26:55.583782
30.36
logs1/efficientvit_b3/dla0/918000000/throughput.log
2025-04-18 14:28:15.725229
2025-04-18 14:28:30.733839
32.98
logs1/resnet50_Opset17/dla0/918000000/throughput.log
2025-04-18 14:29:50.977500
2025-04-18 14:30:05.979053
109.39
logs1/yolo11n/dla0/918000000/throughput.log
2025-04-18 14:31:25.801651
2025-04-18 14:31:40.821480
21.90
logs1/yolov3-tiny-416-bs1/dla0/918000000/throughput.log
2025-04-18 14:33:00.885960
2025-04-18 14:33:15.887416
54.59
logs1/super_resolution_bsd500-bs1/dla0/918000000/throughput.log
2025-04-18 14:34:36.411697
2025-04-18 14:34:51.424199
40.50
