logs2/efficientvit_b3/gpu/612000000/throughput.log
2025-04-18 13:52:19.670125
2025-04-18 13:52:34.693128
36.28
logs2/resnet50_Opset17/gpu/612000000/throughput.log
2025-04-18 13:53:52.802810
2025-04-18 13:54:07.807549
82.71
logs2/yolo11n/gpu/612000000/throughput.log
2025-04-18 13:55:31.616400
2025-04-18 13:55:46.631238
35.23
logs2/yolov3-tiny-416-bs1/gpu/612000000/throughput.log
2025-04-18 13:57:03.372778
2025-04-18 13:57:18.390555
52.07
logs2/super_resolution_bsd500-bs1/gpu/612000000/throughput.log
2025-04-18 13:58:39.048202
2025-04-18 13:58:54.068039
43.61
logs2/efficientnet_b5/gpu/612000000/throughput.log
2025-04-18 14:00:15.245866
2025-04-18 14:00:30.257225
52.09
logs2/efficientvit_b3/gpu/918000000/throughput.log
2025-04-18 14:01:54.712752
2025-04-18 14:02:09.718452
49.78
logs2/resnet50_Opset17/gpu/918000000/throughput.log
2025-04-18 14:03:31.015805
2025-04-18 14:03:46.027483
104.52
logs2/yolo11n/gpu/918000000/throughput.log
2025-04-18 14:05:08.376024
2025-04-18 14:05:23.396446
39.28
logs2/yolov3-tiny-416-bs1/gpu/918000000/throughput.log
2025-04-18 14:06:41.267521
2025-04-18 14:06:56.281995
57.74
logs2/super_resolution_bsd500-bs1/gpu/918000000/throughput.log
2025-04-18 14:08:16.856927
2025-04-18 14:08:31.874524
47.34
logs2/efficientnet_b5/gpu/918000000/throughput.log
2025-04-18 14:09:51.813953
2025-04-18 14:10:06.820288
66.11
