logs2/yolo11n/gpu/612000000/throughput.log
2025-04-12 18:37:47.937214
2025-04-12 18:38:02.940594
32.99
logs2/yolov3-tiny-416-bs1/gpu/612000000/throughput.log
2025-04-12 18:40:51.941720
2025-04-12 18:41:06.946944
48.38
logs2/super_resolution_bsd500-bs1/gpu/612000000/throughput.log
2025-04-12 18:43:56.766785
2025-04-12 18:44:11.785722
40.08
logs2/efficientnet_b5/gpu/612000000/throughput.log
2025-04-12 18:47:02.684013
2025-04-12 18:47:17.686958
52.86
logs2/efficientvit_b3/gpu/612000000/throughput.log
2025-04-12 18:50:08.087694
2025-04-12 18:50:23.097841
45.50
logs2/resnet50_Opset17/gpu/612000000/throughput.log
2025-04-12 18:53:13.112019
2025-04-12 18:53:28.120339
87.28
logs2/yolo11n/gpu/918000000/throughput.log
2025-04-12 18:56:25.210552
2025-04-12 18:56:40.212716
36.59
logs2/yolov3-tiny-416-bs1/gpu/918000000/throughput.log
2025-04-12 18:59:28.701254
2025-04-12 18:59:43.706579
58.11
logs2/super_resolution_bsd500-bs1/gpu/918000000/throughput.log
2025-04-12 19:02:33.199497
2025-04-12 19:02:48.200221
46.33
logs2/efficientnet_b5/gpu/918000000/throughput.log
2025-04-12 19:05:38.902550
2025-04-12 19:05:53.915105
66.54
logs2/efficientvit_b3/gpu/918000000/throughput.log
2025-04-12 19:08:43.449995
2025-04-12 19:08:58.455381
62.51
logs2/resnet50_Opset17/gpu/918000000/throughput.log
2025-04-12 19:11:49.124345
2025-04-12 19:12:04.129992
106.09
