logs2/resnet50_Opset17/gpu/612000000/throughput.log
2025-04-14 17:31:11.227001
2025-04-14 17:31:26.240278
83.19
logs2/yolo11n/gpu/612000000/throughput.log
2025-04-14 17:32:48.906001
2025-04-14 17:33:03.908858
37.79
logs2/yolov3-tiny-416-bs1/gpu/612000000/throughput.log
2025-04-14 17:34:21.965446
2025-04-14 17:34:36.980416
62.54
logs2/super_resolution_bsd500-bs1/gpu/612000000/throughput.log
2025-04-14 17:35:57.036368
2025-04-14 17:36:12.052627
39.36
logs2/efficientnet_b5/gpu/612000000/throughput.log
2025-04-14 17:37:33.314543
2025-04-14 17:37:48.328901
59.28
logs2/efficientvit_b3/gpu/612000000/throughput.log
2025-04-14 17:39:08.802670
2025-04-14 17:39:23.814757
42.70
logs2/resnet50_Opset17/gpu/918000000/throughput.log
2025-04-14 17:40:48.269071
2025-04-14 17:41:03.279512
105.73
logs2/yolo11n/gpu/918000000/throughput.log
2025-04-14 17:42:26.335709
2025-04-14 17:42:41.336857
37.46
logs2/yolov3-tiny-416-bs1/gpu/918000000/throughput.log
2025-04-14 17:43:59.523049
2025-04-14 17:44:14.529304
64.64
logs2/super_resolution_bsd500-bs1/gpu/918000000/throughput.log
2025-04-14 17:45:34.948248
2025-04-14 17:45:49.951764
48.12
logs2/efficientnet_b5/gpu/918000000/throughput.log
2025-04-14 17:47:10.211070
2025-04-14 17:47:25.215558
72.71
logs2/efficientvit_b3/gpu/918000000/throughput.log
2025-04-14 17:48:44.915735
2025-04-14 17:48:59.931772
55.14
