logs1/efficientnet_b5/gpu/612000000/throughput.log
2025-04-12 18:37:45.911110
2025-04-12 18:38:00.923380
52.82
logs1/efficientvit_b3/gpu/612000000/throughput.log
2025-04-12 18:40:51.963816
2025-04-12 18:41:06.972347
45.44
logs1/resnet50_Opset17/gpu/612000000/throughput.log
2025-04-12 18:43:57.483770
2025-04-12 18:44:12.490535
88.76
logs1/yolo11n/gpu/612000000/throughput.log
2025-04-12 18:47:04.252933
2025-04-12 18:47:19.257892
32.79
logs1/yolov3-tiny-416-bs1/gpu/612000000/throughput.log
2025-04-12 18:50:06.935273
2025-04-12 18:50:21.945261
47.17
logs1/super_resolution_bsd500-bs1/gpu/612000000/throughput.log
2025-04-12 18:53:12.798169
2025-04-12 18:53:27.815258
40.15
logs1/efficientnet_b5/gpu/918000000/throughput.log
2025-04-12 18:56:23.704182
2025-04-12 18:56:38.706226
67.12
logs1/efficientvit_b3/gpu/918000000/throughput.log
2025-04-12 18:59:28.345428
2025-04-12 18:59:43.350231
62.85
logs1/resnet50_Opset17/gpu/918000000/throughput.log
2025-04-12 19:02:34.305183
2025-04-12 19:02:49.306036
106.13
logs1/yolo11n/gpu/918000000/throughput.log
2025-04-12 19:05:41.610992
2025-04-12 19:05:56.615108
36.99
logs1/yolov3-tiny-416-bs1/gpu/918000000/throughput.log
2025-04-12 19:08:44.698227
2025-04-12 19:08:59.708417
58.83
logs1/super_resolution_bsd500-bs1/gpu/918000000/throughput.log
2025-04-12 19:11:50.094699
2025-04-12 19:12:05.109187
47.62
