logs/efficientnet_b5/gpu/306000000/throughput.log
2025-06-16 20:28:03.726101
2025-06-16 20:28:18.743208
51.54
logs/efficientvit_b3/gpu/306000000/throughput.log
2025-06-16 20:30:39.075884
2025-06-16 20:30:54.085133
40.31
logs/resnet50_Opset17/gpu/306000000/throughput.log
2025-06-16 20:33:14.116908
2025-06-16 20:33:29.125312
125.33
logs/yolo11n/gpu/306000000/throughput.log
2025-06-16 20:35:51.270048
2025-06-16 20:36:06.292313
37.74
logs/yolov3-tiny-416-bs1/gpu/306000000/throughput.log
2025-06-16 20:38:25.048486
2025-06-16 20:38:40.064466
73.39
logs/super_resolution_bsd500-bs1/gpu/306000000/throughput.log
2025-06-16 20:41:00.243733
2025-06-16 20:41:15.253662
43.77
logs/efficientnet_b5/gpu/408000000/throughput.log
2025-06-16 20:43:40.371559
2025-06-16 20:43:55.377834
64.64
logs/efficientvit_b3/gpu/408000000/throughput.log
2025-06-16 20:46:15.840216
2025-06-16 20:46:30.857525
50.81
logs/resnet50_Opset17/gpu/408000000/throughput.log
2025-06-16 20:48:51.184005
2025-06-16 20:49:06.187776
152.30
logs/yolo11n/gpu/408000000/throughput.log
2025-06-16 20:51:27.874118
2025-06-16 20:51:42.896572
42.34
logs/yolov3-tiny-416-bs1/gpu/408000000/throughput.log
2025-06-16 20:54:01.514570
2025-06-16 20:54:16.516455
79.39
logs/super_resolution_bsd500-bs1/gpu/408000000/throughput.log
2025-06-16 20:56:36.604591
2025-06-16 20:56:51.620874
50.35
logs/efficientnet_b5/gpu/510000000/throughput.log
2025-06-16 20:59:16.852841
2025-06-16 20:59:31.853689
75.00
logs/efficientvit_b3/gpu/510000000/throughput.log
2025-06-16 21:01:52.515006
2025-06-16 21:02:07.522315
60.10
logs/resnet50_Opset17/gpu/510000000/throughput.log
2025-06-16 21:04:27.462102
2025-06-16 21:04:42.466073
171.55
logs/yolo11n/gpu/510000000/throughput.log
2025-06-16 21:07:04.209016
2025-06-16 21:07:19.226486
45.35
logs/yolov3-tiny-416-bs1/gpu/510000000/throughput.log
2025-06-16 21:09:38.229151
2025-06-16 21:09:53.231357
85.39
logs/super_resolution_bsd500-bs1/gpu/510000000/throughput.log
2025-06-16 21:12:13.217651
2025-06-16 21:12:28.227726
55.16
logs/efficientnet_b5/gpu/612000000/throughput.log
2025-06-16 21:14:53.528078
2025-06-16 21:15:08.530947
83.25
logs/efficientvit_b3/gpu/612000000/throughput.log
2025-06-16 21:17:28.798727
2025-06-16 21:17:43.811964
67.87
logs/resnet50_Opset17/gpu/612000000/throughput.log
2025-06-16 21:20:04.172805
2025-06-16 21:20:19.174646
186.98
logs/yolo11n/gpu/612000000/throughput.log
2025-06-16 21:22:40.949422
2025-06-16 21:22:55.961203
47.83
logs/yolov3-tiny-416-bs1/gpu/612000000/throughput.log
2025-06-16 21:25:14.520517
2025-06-16 21:25:29.529418
89.01
logs/super_resolution_bsd500-bs1/gpu/612000000/throughput.log
2025-06-16 21:27:49.965572
2025-06-16 21:28:04.971890
58.78
logs/efficientnet_b5/gpu/714000000/throughput.log
2025-06-16 21:30:30.141372
2025-06-16 21:30:45.146605
93.03
logs/efficientvit_b3/gpu/714000000/throughput.log
2025-06-16 21:33:05.425969
2025-06-16 21:33:20.432192
74.70
logs/resnet50_Opset17/gpu/714000000/throughput.log
2025-06-16 21:35:40.431910
2025-06-16 21:35:55.435601
203.48
logs/yolo11n/gpu/714000000/throughput.log
2025-06-16 21:38:17.541502
2025-06-16 21:38:32.553028
50.23
logs/yolov3-tiny-416-bs1/gpu/714000000/throughput.log
2025-06-16 21:40:51.665538
2025-06-16 21:41:06.666570
93.53
logs/super_resolution_bsd500-bs1/gpu/714000000/throughput.log
2025-06-16 21:43:26.629861
2025-06-16 21:43:41.641505
62.75
logs/efficientnet_b5/gpu/816000000/throughput.log
2025-06-16 21:46:07.242370
2025-06-16 21:46:22.251764
100.07
logs/efficientvit_b3/gpu/816000000/throughput.log
2025-06-16 21:48:41.934606
2025-06-16 21:48:56.940389
81.77
logs/resnet50_Opset17/gpu/816000000/throughput.log
2025-06-16 21:51:17.551453
2025-06-16 21:51:32.552568
209.45
logs/yolo11n/gpu/816000000/throughput.log
2025-06-16 21:53:54.296824
2025-06-16 21:54:09.298940
51.73
logs/yolov3-tiny-416-bs1/gpu/816000000/throughput.log
2025-06-16 21:56:27.737739
2025-06-16 21:56:42.739136
95.19
logs/super_resolution_bsd500-bs1/gpu/816000000/throughput.log
2025-06-16 21:59:03.316828
2025-06-16 21:59:18.323260
65.71
logs/efficientnet_b5/gpu/918000000/throughput.log
2025-06-16 22:01:43.505475
2025-06-16 22:01:58.513225
107.21
logs/efficientvit_b3/gpu/918000000/throughput.log
2025-06-16 22:04:19.018172
2025-06-16 22:04:34.023943
87.63
logs/resnet50_Opset17/gpu/918000000/throughput.log
2025-06-16 22:06:54.088563
2025-06-16 22:07:09.089717
221.18
logs/yolo11n/gpu/918000000/throughput.log
2025-06-16 22:09:30.915045
2025-06-16 22:09:45.922660
53.24
logs/yolov3-tiny-416-bs1/gpu/918000000/throughput.log
2025-06-16 22:12:04.726132
2025-06-16 22:12:19.733458
98.95
logs/super_resolution_bsd500-bs1/gpu/918000000/throughput.log
2025-06-16 22:14:40.291358
2025-06-16 22:14:55.294550
67.92
logs/efficientnet_b5/dla0/306000000/throughput.log
2025-06-16 22:17:21.462937
2025-06-16 22:17:36.466646
36.72
logs/efficientvit_b3/dla0/306000000/throughput.log
2025-06-16 22:19:56.923759
2025-06-16 22:20:11.952132
34.80
logs/resnet50_Opset17/dla0/306000000/throughput.log
2025-06-16 22:22:31.508216
2025-06-16 22:22:46.508701
160.79
logs/yolo11n/dla0/306000000/throughput.log
2025-06-16 22:25:06.837739
2025-06-16 22:25:21.848253
25.25
logs/yolov3-tiny-416-bs1/dla0/306000000/throughput.log
2025-06-16 22:27:41.901144
2025-06-16 22:27:56.901971
73.60
logs/super_resolution_bsd500-bs1/dla0/306000000/throughput.log
2025-06-16 22:30:17.507229
2025-06-16 22:30:32.516823
43.57
logs/efficientnet_b5/dla0/408000000/throughput.log
2025-06-16 22:32:57.982879
2025-06-16 22:33:13.000978
41.35
logs/efficientvit_b3/dla0/408000000/throughput.log
2025-06-16 22:35:33.403772
2025-06-16 22:35:48.406705
42.39
logs/resnet50_Opset17/dla0/408000000/throughput.log
2025-06-16 22:38:08.204392
2025-06-16 22:38:23.206168
172.25
logs/yolo11n/dla0/408000000/throughput.log
2025-06-16 22:40:43.282512
2025-06-16 22:40:58.286008
26.19
logs/yolov3-tiny-416-bs1/dla0/408000000/throughput.log
2025-06-16 22:43:18.677048
2025-06-16 22:43:33.687345
76.61
logs/super_resolution_bsd500-bs1/dla0/408000000/throughput.log
2025-06-16 22:45:53.670174
2025-06-16 22:46:08.683898
47.49
logs/efficientnet_b5/dla0/510000000/throughput.log
2025-06-16 22:48:34.490294
2025-06-16 22:48:49.495050
44.72
logs/efficientvit_b3/dla0/510000000/throughput.log
2025-06-16 22:51:10.049417
2025-06-16 22:51:25.055368
48.65
logs/resnet50_Opset17/dla0/510000000/throughput.log
2025-06-16 22:53:44.962472
2025-06-16 22:53:59.967537
174.54
logs/yolo11n/dla0/510000000/throughput.log
2025-06-16 22:56:20.320569
2025-06-16 22:56:35.349115
26.82
logs/yolov3-tiny-416-bs1/dla0/510000000/throughput.log
2025-06-16 22:58:55.549686
2025-06-16 22:59:10.555468
79.17
logs/super_resolution_bsd500-bs1/dla0/510000000/throughput.log
2025-06-16 23:01:30.883774
2025-06-16 23:01:45.895791
50.49
logs/efficientnet_b5/dla0/612000000/throughput.log
2025-06-16 23:04:11.353741
2025-06-16 23:04:26.355464
47.13
logs/efficientvit_b3/dla0/612000000/throughput.log
2025-06-16 23:06:47.003748
2025-06-16 23:07:02.018627
53.28
logs/resnet50_Opset17/dla0/612000000/throughput.log
2025-06-16 23:09:21.475222
2025-06-16 23:09:36.475807
176.06
logs/yolo11n/dla0/612000000/throughput.log
2025-06-16 23:11:57.206894
2025-06-16 23:12:12.212285
27.32
logs/yolov3-tiny-416-bs1/dla0/612000000/throughput.log
2025-06-16 23:14:32.489883
2025-06-16 23:14:47.490907
80.66
logs/super_resolution_bsd500-bs1/dla0/612000000/throughput.log
2025-06-16 23:17:07.697066
2025-06-16 23:17:22.714193
52.34
logs/efficientnet_b5/dla0/714000000/throughput.log
2025-06-16 23:19:48.417799
2025-06-16 23:20:03.432667
49.62
logs/efficientvit_b3/dla0/714000000/throughput.log
2025-06-16 23:22:23.799875
2025-06-16 23:22:38.805264
57.65
logs/resnet50_Opset17/dla0/714000000/throughput.log
2025-06-16 23:24:58.738333
2025-06-16 23:25:13.744155
182.53
logs/yolo11n/dla0/714000000/throughput.log
2025-06-16 23:27:34.048190
2025-06-16 23:27:49.065218
27.77
logs/yolov3-tiny-416-bs1/dla0/714000000/throughput.log
2025-06-16 23:30:09.037112
2025-06-16 23:30:24.042790
82.24
logs/super_resolution_bsd500-bs1/dla0/714000000/throughput.log
2025-06-16 23:32:44.497100
2025-06-16 23:32:59.498630
54.33
logs/efficientnet_b5/dla0/816000000/throughput.log
2025-06-16 23:35:25.341169
2025-06-16 23:35:40.349452
50.97
logs/efficientvit_b3/dla0/816000000/throughput.log
2025-06-16 23:38:00.711450
2025-06-16 23:38:15.719786
61.03
logs/resnet50_Opset17/dla0/816000000/throughput.log
2025-06-16 23:40:35.367153
2025-06-16 23:40:50.370377
186.69
logs/yolo11n/dla0/816000000/throughput.log
2025-06-16 23:43:10.803596
2025-06-16 23:43:25.832010
28.01
logs/yolov3-tiny-416-bs1/dla0/816000000/throughput.log
2025-06-16 23:45:46.256209
2025-06-16 23:46:01.268028
82.60
logs/super_resolution_bsd500-bs1/dla0/816000000/throughput.log
2025-06-16 23:48:21.205010
2025-06-16 23:48:36.222520
55.80
logs/efficientnet_b5/dla0/918000000/throughput.log
2025-06-16 23:51:02.046946
2025-06-16 23:51:17.052008
52.32
logs/efficientvit_b3/dla0/918000000/throughput.log
2025-06-16 23:53:37.603495
2025-06-16 23:53:52.616661
64.48
logs/resnet50_Opset17/dla0/918000000/throughput.log
2025-06-16 23:56:12.497829
2025-06-16 23:56:27.505172
188.71
logs/yolo11n/dla0/918000000/throughput.log
2025-06-16 23:58:47.755022
2025-06-16 23:59:02.771142
28.17
logs/yolov3-tiny-416-bs1/dla0/918000000/throughput.log
2025-06-17 00:01:22.653425
2025-06-17 00:01:37.653651
84.60
logs/super_resolution_bsd500-bs1/dla0/918000000/throughput.log
2025-06-17 00:03:58.141944
2025-06-17 00:04:13.142169
56.53
