logs2/yolov3-tiny-416-bs1/dla0/612000000/throughput.log
2025-04-19 17:36:55.645783
2025-04-19 17:37:10.653548
57.24
logs2/super_resolution_bsd500-bs1/dla0/612000000/throughput.log
2025-04-19 17:38:31.181024
2025-04-19 17:38:46.202503
38.01
logs2/resnet50_Opset17/dla0/612000000/throughput.log
2025-04-19 17:40:06.756115
2025-04-19 17:40:21.763756
81.69
logs2/yolov3-tiny-416-bs1/dla0/918000000/throughput.log
2025-04-19 17:41:46.973027
2025-04-19 17:42:01.975944
58.39
logs2/super_resolution_bsd500-bs1/dla0/918000000/throughput.log
2025-04-19 17:43:21.940876
2025-04-19 17:43:36.962130
41.08
logs2/resnet50_Opset17/dla0/918000000/throughput.log
2025-04-19 17:44:57.725054
2025-04-19 17:45:12.727774
84.52
