logs1/efficientnet_b5/gpu/612000000/throughput.log
2025-04-12 17:51:02.083370
2025-04-12 17:51:17.089791
60.91
logs1/efficientvit_b3/gpu/612000000/throughput.log
2025-04-12 17:54:08.336507
2025-04-12 17:54:23.340044
43.59
logs1/resnet50_Opset17/gpu/612000000/throughput.log
2025-04-12 17:57:13.596966
2025-04-12 17:57:28.604156
75.56
logs1/yolo11n/gpu/612000000/throughput.log
2025-04-12 18:00:21.671161
2025-04-12 18:00:36.695658
33.81
logs1/yolov3-tiny-416-bs1/gpu/612000000/throughput.log
2025-04-12 18:03:24.214296
2025-04-12 18:03:39.220589
58.04
logs1/super_resolution_bsd500-bs1/gpu/612000000/throughput.log
2025-04-12 18:06:29.702965
2025-04-12 18:06:44.720825
39.69
logs1/efficientnet_b5/gpu/918000000/throughput.log
2025-04-12 18:09:40.022534
2025-04-12 18:09:55.022653
72.33
logs1/efficientvit_b3/gpu/918000000/throughput.log
2025-04-12 18:12:45.307576
2025-04-12 18:13:00.312324
57.12
logs1/resnet50_Opset17/gpu/918000000/throughput.log
2025-04-12 18:15:51.290224
2025-04-12 18:16:06.297927
92.95
logs1/yolo11n/gpu/918000000/throughput.log
2025-04-12 18:18:58.749033
2025-04-12 18:19:13.751111
37.13
logs1/yolov3-tiny-416-bs1/gpu/918000000/throughput.log
2025-04-12 18:22:01.591942
2025-04-12 18:22:16.602966
61.82
logs1/super_resolution_bsd500-bs1/gpu/918000000/throughput.log
2025-04-12 18:25:07.308329
2025-04-12 18:25:22.321863
44.83
