logs1/resnet50_Opset17/dla0/612000000/throughput.log
2025-04-19 17:36:56.061524
2025-04-19 17:37:11.062500
99.26
logs1/yolov3-tiny-416-bs1/dla0/612000000/throughput.log
2025-04-19 17:38:31.996063
2025-04-19 17:38:47.008142
49.96
logs1/super_resolution_bsd500-bs1/dla0/612000000/throughput.log
2025-04-19 17:40:06.996331
2025-04-19 17:40:22.001405
37.12
logs1/resnet50_Opset17/dla0/918000000/throughput.log
2025-04-19 17:41:46.695224
2025-04-19 17:42:01.700613
102.10
logs1/yolov3-tiny-416-bs1/dla0/918000000/throughput.log
2025-04-19 17:43:22.491127
2025-04-19 17:43:37.504678
51.42
logs1/super_resolution_bsd500-bs1/dla0/918000000/throughput.log
2025-04-19 17:44:56.936499
2025-04-19 17:45:11.950029
40.16
